<?xml version="1.0" encoding="UTF-8"?>
<!-- Generated by org.testng.reporters.JUnitXMLReporter -->
<testsuite hostname="DESKTOP-JDF89IR" ignored="0" name="Default test" tests="7" failures="0" timestamp="16 Mar 2021 06:12:31 GMT" time="8.099" errors="0">
  <testcase name="testMethod" time="0.342" classname="com.spring.example.DemoApplicationTests"/>
  <testcase name="testMethod" time="0.006" classname="com.spring.example.DemoApplicationTests"/>
  <testcase name="testMethod" time="0.005" classname="com.spring.example.DemoApplicationTests"/>
  <testcase name="testMethod" time="0.005" classname="com.spring.example.DemoApplicationTests"/>
  <testcase name="testMethod" time="0.005" classname="com.spring.example.DemoApplicationTests"/>
  <testcase name="testMethod" time="0.005" classname="com.spring.example.DemoApplicationTests"/>
  <testcase name="testMethod" time="0.005" classname="com.spring.example.DemoApplicationTests"/>
</testsuite> <!-- Default test -->
