<?xml version="1.0" encoding="UTF-8"?>
<testng-results skipped="0" failed="0" ignored="0" total="7" passed="7">
  <reporter-output>
  </reporter-output>
  <suite name="Default suite" duration-ms="8099" started-at="2021-03-16T06:12:23Z" finished-at="2021-03-16T06:12:31Z">
    <groups>
    </groups>
    <test name="Default test" duration-ms="8099" started-at="2021-03-16T06:12:23Z" finished-at="2021-03-16T06:12:31Z">
      <class name="com.spring.example.DemoApplicationTests">
        <test-method status="PASS" signature="springTestContextBeforeTestClass()[pri:0, instance:com.spring.example.DemoApplicationTests@2ed2d9cb]" name="springTestContextBeforeTestClass" is-config="true" duration-ms="40" started-at="2021-03-16T06:12:23Z" finished-at="2021-03-16T06:12:23Z">
          <reporter-output>
          </reporter-output>
        </test-method> <!-- springTestContextBeforeTestClass -->
        <test-method status="PASS" signature="springTestContextPrepareTestInstance()[pri:0, instance:com.spring.example.DemoApplicationTests@2ed2d9cb]" name="springTestContextPrepareTestInstance" is-config="true" duration-ms="7595" started-at="2021-03-16T06:12:23Z" depends-on-methods="org.springframework.test.context.testng.AbstractTestNGSpringContextTests.springTestContextBeforeTestClass" finished-at="2021-03-16T06:12:31Z">
          <reporter-output>
          </reporter-output>
        </test-method> <!-- springTestContextPrepareTestInstance -->
        <test-method status="PASS" signature="springTestContextBeforeTestMethod(java.lang.reflect.Method)[pri:0, instance:com.spring.example.DemoApplicationTests@2ed2d9cb]" name="springTestContextBeforeTestMethod" is-config="true" duration-ms="3" started-at="2021-03-16T06:12:31Z" finished-at="2021-03-16T06:12:31Z">
          <params>
            <param index="0">
              <value>
                <![CDATA[public void com.spring.example.DemoApplicationTests.testMethod(java.lang.String,java.lang.String,java.lang.String)]]>
              </value>
            </param>
          </params>
          <reporter-output>
          </reporter-output>
        </test-method> <!-- springTestContextBeforeTestMethod -->
        <test-method status="PASS" signature="testMethod(java.lang.String, java.lang.String, java.lang.String)[pri:0, instance:com.spring.example.DemoApplicationTests@2ed2d9cb]" name="testMethod" duration-ms="342" started-at="2021-03-16T06:12:31Z" data-provider="csvdata" finished-at="2021-03-16T06:12:31Z">
          <params>
            <param index="0">
              <value>
                <![CDATA[1]]>
              </value>
            </param>
            <param index="1">
              <value>
                <![CDATA[John]]>
              </value>
            </param>
            <param index="2">
              <value>
                <![CDATA[Lenovo]]>
              </value>
            </param>
          </params>
          <reporter-output>
          </reporter-output>
        </test-method> <!-- testMethod -->
        <test-method status="PASS" signature="springTestContextAfterTestMethod(java.lang.reflect.Method)[pri:0, instance:com.spring.example.DemoApplicationTests@2ed2d9cb]" name="springTestContextAfterTestMethod" is-config="true" duration-ms="2" started-at="2021-03-16T06:12:31Z" finished-at="2021-03-16T06:12:31Z">
          <params>
            <param index="0">
              <value>
                <![CDATA[public void com.spring.example.DemoApplicationTests.testMethod(java.lang.String,java.lang.String,java.lang.String)]]>
              </value>
            </param>
          </params>
          <reporter-output>
          </reporter-output>
        </test-method> <!-- springTestContextAfterTestMethod -->
        <test-method status="PASS" signature="springTestContextBeforeTestMethod(java.lang.reflect.Method)[pri:0, instance:com.spring.example.DemoApplicationTests@2ed2d9cb]" name="springTestContextBeforeTestMethod" is-config="true" duration-ms="1" started-at="2021-03-16T06:12:31Z" finished-at="2021-03-16T06:12:31Z">
          <params>
            <param index="0">
              <value>
                <![CDATA[public void com.spring.example.DemoApplicationTests.testMethod(java.lang.String,java.lang.String,java.lang.String)]]>
              </value>
            </param>
          </params>
          <reporter-output>
          </reporter-output>
        </test-method> <!-- springTestContextBeforeTestMethod -->
        <test-method status="PASS" signature="testMethod(java.lang.String, java.lang.String, java.lang.String)[pri:0, instance:com.spring.example.DemoApplicationTests@2ed2d9cb]" name="testMethod" duration-ms="6" started-at="2021-03-16T06:12:31Z" data-provider="csvdata" finished-at="2021-03-16T06:12:31Z">
          <params>
            <param index="0">
              <value>
                <![CDATA[2]]>
              </value>
            </param>
            <param index="1">
              <value>
                <![CDATA[mikel]]>
              </value>
            </param>
            <param index="2">
              <value>
                <![CDATA[HP]]>
              </value>
            </param>
          </params>
          <reporter-output>
          </reporter-output>
        </test-method> <!-- testMethod -->
        <test-method status="PASS" signature="springTestContextAfterTestMethod(java.lang.reflect.Method)[pri:0, instance:com.spring.example.DemoApplicationTests@2ed2d9cb]" name="springTestContextAfterTestMethod" is-config="true" duration-ms="1" started-at="2021-03-16T06:12:31Z" finished-at="2021-03-16T06:12:31Z">
          <params>
            <param index="0">
              <value>
                <![CDATA[public void com.spring.example.DemoApplicationTests.testMethod(java.lang.String,java.lang.String,java.lang.String)]]>
              </value>
            </param>
          </params>
          <reporter-output>
          </reporter-output>
        </test-method> <!-- springTestContextAfterTestMethod -->
        <test-method status="PASS" signature="springTestContextBeforeTestMethod(java.lang.reflect.Method)[pri:0, instance:com.spring.example.DemoApplicationTests@2ed2d9cb]" name="springTestContextBeforeTestMethod" is-config="true" duration-ms="0" started-at="2021-03-16T06:12:31Z" finished-at="2021-03-16T06:12:31Z">
          <params>
            <param index="0">
              <value>
                <![CDATA[public void com.spring.example.DemoApplicationTests.testMethod(java.lang.String,java.lang.String,java.lang.String)]]>
              </value>
            </param>
          </params>
          <reporter-output>
          </reporter-output>
        </test-method> <!-- springTestContextBeforeTestMethod -->
        <test-method status="PASS" signature="testMethod(java.lang.String, java.lang.String, java.lang.String)[pri:0, instance:com.spring.example.DemoApplicationTests@2ed2d9cb]" name="testMethod" duration-ms="5" started-at="2021-03-16T06:12:31Z" data-provider="csvdata" finished-at="2021-03-16T06:12:31Z">
          <params>
            <param index="0">
              <value>
                <![CDATA[3]]>
              </value>
            </param>
            <param index="1">
              <value>
                <![CDATA[Jones]]>
              </value>
            </param>
            <param index="2">
              <value>
                <![CDATA[Mac]]>
              </value>
            </param>
          </params>
          <reporter-output>
          </reporter-output>
        </test-method> <!-- testMethod -->
        <test-method status="PASS" signature="springTestContextBeforeTestMethod(java.lang.reflect.Method)[pri:0, instance:com.spring.example.DemoApplicationTests@2ed2d9cb]" name="springTestContextBeforeTestMethod" is-config="true" duration-ms="1" started-at="2021-03-16T06:12:31Z" finished-at="2021-03-16T06:12:31Z">
          <params>
            <param index="0">
              <value>
                <![CDATA[public void com.spring.example.DemoApplicationTests.testMethod(java.lang.String,java.lang.String,java.lang.String)]]>
              </value>
            </param>
          </params>
          <reporter-output>
          </reporter-output>
        </test-method> <!-- springTestContextBeforeTestMethod -->
        <test-method status="PASS" signature="springTestContextAfterTestMethod(java.lang.reflect.Method)[pri:0, instance:com.spring.example.DemoApplicationTests@2ed2d9cb]" name="springTestContextAfterTestMethod" is-config="true" duration-ms="0" started-at="2021-03-16T06:12:31Z" finished-at="2021-03-16T06:12:31Z">
          <params>
            <param index="0">
              <value>
                <![CDATA[public void com.spring.example.DemoApplicationTests.testMethod(java.lang.String,java.lang.String,java.lang.String)]]>
              </value>
            </param>
          </params>
          <reporter-output>
          </reporter-output>
        </test-method> <!-- springTestContextAfterTestMethod -->
        <test-method status="PASS" signature="testMethod(java.lang.String, java.lang.String, java.lang.String)[pri:0, instance:com.spring.example.DemoApplicationTests@2ed2d9cb]" name="testMethod" duration-ms="5" started-at="2021-03-16T06:12:31Z" data-provider="csvdata" finished-at="2021-03-16T06:12:31Z">
          <params>
            <param index="0">
              <value>
                <![CDATA[4]]>
              </value>
            </param>
            <param index="1">
              <value>
                <![CDATA[Tony]]>
              </value>
            </param>
            <param index="2">
              <value>
                <![CDATA[Mac]]>
              </value>
            </param>
          </params>
          <reporter-output>
          </reporter-output>
        </test-method> <!-- testMethod -->
        <test-method status="PASS" signature="springTestContextAfterTestMethod(java.lang.reflect.Method)[pri:0, instance:com.spring.example.DemoApplicationTests@2ed2d9cb]" name="springTestContextAfterTestMethod" is-config="true" duration-ms="1" started-at="2021-03-16T06:12:31Z" finished-at="2021-03-16T06:12:31Z">
          <params>
            <param index="0">
              <value>
                <![CDATA[public void com.spring.example.DemoApplicationTests.testMethod(java.lang.String,java.lang.String,java.lang.String)]]>
              </value>
            </param>
          </params>
          <reporter-output>
          </reporter-output>
        </test-method> <!-- springTestContextAfterTestMethod -->
        <test-method status="PASS" signature="springTestContextBeforeTestMethod(java.lang.reflect.Method)[pri:0, instance:com.spring.example.DemoApplicationTests@2ed2d9cb]" name="springTestContextBeforeTestMethod" is-config="true" duration-ms="1" started-at="2021-03-16T06:12:31Z" finished-at="2021-03-16T06:12:31Z">
          <params>
            <param index="0">
              <value>
                <![CDATA[public void com.spring.example.DemoApplicationTests.testMethod(java.lang.String,java.lang.String,java.lang.String)]]>
              </value>
            </param>
          </params>
          <reporter-output>
          </reporter-output>
        </test-method> <!-- springTestContextBeforeTestMethod -->
        <test-method status="PASS" signature="testMethod(java.lang.String, java.lang.String, java.lang.String)[pri:0, instance:com.spring.example.DemoApplicationTests@2ed2d9cb]" name="testMethod" duration-ms="5" started-at="2021-03-16T06:12:31Z" data-provider="csvdata" finished-at="2021-03-16T06:12:31Z">
          <params>
            <param index="0">
              <value>
                <![CDATA[5]]>
              </value>
            </param>
            <param index="1">
              <value>
                <![CDATA[James]]>
              </value>
            </param>
            <param index="2">
              <value>
                <![CDATA[Sony]]>
              </value>
            </param>
          </params>
          <reporter-output>
          </reporter-output>
        </test-method> <!-- testMethod -->
        <test-method status="PASS" signature="testMethod(java.lang.String, java.lang.String, java.lang.String)[pri:0, instance:com.spring.example.DemoApplicationTests@2ed2d9cb]" name="testMethod" duration-ms="5" started-at="2021-03-16T06:12:31Z" data-provider="csvdata" finished-at="2021-03-16T06:12:31Z">
          <params>
            <param index="0">
              <value>
                <![CDATA[6]]>
              </value>
            </param>
            <param index="1">
              <value>
                <![CDATA[rio]]>
              </value>
            </param>
            <param index="2">
              <value>
                <![CDATA[data6]]>
              </value>
            </param>
          </params>
          <reporter-output>
          </reporter-output>
        </test-method> <!-- testMethod -->
        <test-method status="PASS" signature="springTestContextAfterTestMethod(java.lang.reflect.Method)[pri:0, instance:com.spring.example.DemoApplicationTests@2ed2d9cb]" name="springTestContextAfterTestMethod" is-config="true" duration-ms="0" started-at="2021-03-16T06:12:31Z" finished-at="2021-03-16T06:12:31Z">
          <params>
            <param index="0">
              <value>
                <![CDATA[public void com.spring.example.DemoApplicationTests.testMethod(java.lang.String,java.lang.String,java.lang.String)]]>
              </value>
            </param>
          </params>
          <reporter-output>
          </reporter-output>
        </test-method> <!-- springTestContextAfterTestMethod -->
        <test-method status="PASS" signature="springTestContextBeforeTestMethod(java.lang.reflect.Method)[pri:0, instance:com.spring.example.DemoApplicationTests@2ed2d9cb]" name="springTestContextBeforeTestMethod" is-config="true" duration-ms="0" started-at="2021-03-16T06:12:31Z" finished-at="2021-03-16T06:12:31Z">
          <params>
            <param index="0">
              <value>
                <![CDATA[public void com.spring.example.DemoApplicationTests.testMethod(java.lang.String,java.lang.String,java.lang.String)]]>
              </value>
            </param>
          </params>
          <reporter-output>
          </reporter-output>
        </test-method> <!-- springTestContextBeforeTestMethod -->
        <test-method status="PASS" signature="springTestContextBeforeTestMethod(java.lang.reflect.Method)[pri:0, instance:com.spring.example.DemoApplicationTests@2ed2d9cb]" name="springTestContextBeforeTestMethod" is-config="true" duration-ms="0" started-at="2021-03-16T06:12:31Z" finished-at="2021-03-16T06:12:31Z">
          <params>
            <param index="0">
              <value>
                <![CDATA[public void com.spring.example.DemoApplicationTests.testMethod(java.lang.String,java.lang.String,java.lang.String)]]>
              </value>
            </param>
          </params>
          <reporter-output>
          </reporter-output>
        </test-method> <!-- springTestContextBeforeTestMethod -->
        <test-method status="PASS" signature="springTestContextAfterTestMethod(java.lang.reflect.Method)[pri:0, instance:com.spring.example.DemoApplicationTests@2ed2d9cb]" name="springTestContextAfterTestMethod" is-config="true" duration-ms="0" started-at="2021-03-16T06:12:31Z" finished-at="2021-03-16T06:12:31Z">
          <params>
            <param index="0">
              <value>
                <![CDATA[public void com.spring.example.DemoApplicationTests.testMethod(java.lang.String,java.lang.String,java.lang.String)]]>
              </value>
            </param>
          </params>
          <reporter-output>
          </reporter-output>
        </test-method> <!-- springTestContextAfterTestMethod -->
        <test-method status="PASS" signature="testMethod(java.lang.String, java.lang.String, java.lang.String)[pri:0, instance:com.spring.example.DemoApplicationTests@2ed2d9cb]" name="testMethod" duration-ms="5" started-at="2021-03-16T06:12:31Z" data-provider="csvdata" finished-at="2021-03-16T06:12:31Z">
          <params>
            <param index="0">
              <value>
                <![CDATA[7]]>
              </value>
            </param>
            <param index="1">
              <value>
                <![CDATA[demo]]>
              </value>
            </param>
            <param index="2">
              <value>
                <![CDATA[demo]]>
              </value>
            </param>
          </params>
          <reporter-output>
          </reporter-output>
        </test-method> <!-- testMethod -->
        <test-method status="PASS" signature="springTestContextAfterTestMethod(java.lang.reflect.Method)[pri:0, instance:com.spring.example.DemoApplicationTests@2ed2d9cb]" name="springTestContextAfterTestMethod" is-config="true" duration-ms="0" started-at="2021-03-16T06:12:31Z" finished-at="2021-03-16T06:12:31Z">
          <params>
            <param index="0">
              <value>
                <![CDATA[public void com.spring.example.DemoApplicationTests.testMethod(java.lang.String,java.lang.String,java.lang.String)]]>
              </value>
            </param>
          </params>
          <reporter-output>
          </reporter-output>
        </test-method> <!-- springTestContextAfterTestMethod -->
        <test-method status="PASS" signature="springTestContextAfterTestClass()[pri:0, instance:com.spring.example.DemoApplicationTests@2ed2d9cb]" name="springTestContextAfterTestClass" is-config="true" duration-ms="3" started-at="2021-03-16T06:12:31Z" finished-at="2021-03-16T06:12:31Z">
          <reporter-output>
          </reporter-output>
        </test-method> <!-- springTestContextAfterTestClass -->
      </class> <!-- com.spring.example.DemoApplicationTests -->
    </test> <!-- Default test -->
  </suite> <!-- Default suite -->
</testng-results>
